<?xml version="1.0" encoding="UTF-8"?>
<testng-results skipped="0" failed="0" total="1" passed="1">
  <reporter-output>
  </reporter-output>
  <suite name="Default suite" duration-ms="17000" started-at="2018-10-22T17:04:55Z" finished-at="2018-10-22T17:05:12Z">
    <groups>
    </groups>
    <test name="Default test" duration-ms="17000" started-at="2018-10-22T17:04:55Z" finished-at="2018-10-22T17:05:12Z">
      <class name="com.GoogleSearch.Google_Search_Testing">
        <test-method status="PASS" signature="setUp()[pri:0, instance:com.GoogleSearch.Google_Search_Testing@5afa04c]" name="setUp" is-config="true" duration-ms="10921" started-at="2018-10-22T22:34:55Z" finished-at="2018-10-22T22:35:06Z">
          <reporter-output>
          </reporter-output>
        </test-method> <!-- setUp -->
        <test-method status="PASS" signature="search()[pri:0, instance:com.GoogleSearch.Google_Search_Testing@5afa04c]" name="search" duration-ms="4024" started-at="2018-10-22T22:35:06Z" finished-at="2018-10-22T22:35:10Z">
          <reporter-output>
          </reporter-output>
        </test-method> <!-- search -->
        <test-method status="PASS" signature="tearDown()[pri:0, instance:com.GoogleSearch.Google_Search_Testing@5afa04c]" name="tearDown" is-config="true" duration-ms="2032" started-at="2018-10-22T22:35:10Z" finished-at="2018-10-22T22:35:12Z">
          <reporter-output>
          </reporter-output>
        </test-method> <!-- tearDown -->
      </class> <!-- com.GoogleSearch.Google_Search_Testing -->
    </test> <!-- Default test -->
  </suite> <!-- Default suite -->
</testng-results>
